<?xml version="1.0" encoding="UTF-8"?>
<testng-results ignored="0" total="1" passed="1" failed="0" skipped="0">
  <reporter-output>
  </reporter-output>
  <suite started-at="2023-04-28T11:26:08 GMT-04:00" name="Default suite" finished-at="2023-04-28T11:26:08 GMT-04:00" duration-ms="72">
    <groups>
    </groups>
    <test started-at="2023-04-28T11:26:08 GMT-04:00" name="Default test" finished-at="2023-04-28T11:26:08 GMT-04:00" duration-ms="72">
      <class name="vTigerPractice.DatePractice">
        <test-method signature="DatePractice()[pri:0, instance:vTigerPractice.DatePractice@50eac852]" started-at="2023-04-28T11:26:08 GMT-04:00" name="DatePractice" finished-at="2023-04-28T11:26:08 GMT-04:00" duration-ms="30" status="PASS">
          <reporter-output>
          </reporter-output>
        </test-method> <!-- DatePractice -->
      </class> <!-- vTigerPractice.DatePractice -->
    </test> <!-- Default test -->
  </suite> <!-- Default suite -->
</testng-results>
